2021-03-23 19:28:50,338 eolearn.core.eoworkflow DEBUG    Computing SentinelHubInputTask(*(), **{'bbox': BBox(((772619.9778728553, 7071009.689093189), (843952.2597114183, 7132127.523723509)), crs=CRS('32617')), 'time_interval': ['2019-05-12', '2019-5-18']})
2021-03-23 19:28:50,340 sentinelhub.ogc DEBUG    URL=https://services.sentinel-hub.com/ogc/wfs/8b62defc-8bf6-4075-9eaf-6e24383df20e?SERVICE=wfs&WARNINGS=False&REQUEST=GetFeature&TYPENAMES=DSS1&BBOX=772619.9778728553%2C7071009.689093189%2C843952.2597114183%2C7132127.523723509&OUTPUTFORMAT=application%2Fjson&SRSNAME=EPSG%3A32617&TIME=2019-05-12T00%3A00%3A00%2F2019-05-18T23%3A59%3A59&MAXCC=80.0&MAXFEATURES=100&FEATURE_OFFSET=0
2021-03-23 19:28:50,347 urllib3.connectionpool DEBUG    Starting new HTTPS connection (1): services.sentinel-hub.com:443
2021-03-23 19:28:51,082 urllib3.connectionpool DEBUG    https://services.sentinel-hub.com:443 "GET /ogc/wfs/8b62defc-8bf6-4075-9eaf-6e24383df20e?SERVICE=wfs&WARNINGS=False&REQUEST=GetFeature&TYPENAMES=DSS1&BBOX=772619.9778728553%2C7071009.689093189%2C843952.2597114183%2C7132127.523723509&OUTPUTFORMAT=application%2Fjson&SRSNAME=EPSG%3A32617&TIME=2019-05-12T00%3A00%3A00%2F2019-05-18T23%3A59%3A59&MAXCC=80.0&MAXFEATURES=100&FEATURE_OFFSET=0 HTTP/1.1" 200 7567
2021-03-23 19:28:51,086 sentinelhub.download.sentinelhub_client DEBUG    ThreadPoolExecutor-994_0: Successful download from https://services.sentinel-hub.com/ogc/wfs/8b62defc-8bf6-4075-9eaf-6e24383df20e?SERVICE=wfs&WARNINGS=False&REQUEST=GetFeature&TYPENAMES=DSS1&BBOX=772619.9778728553%2C7071009.689093189%2C843952.2597114183%2C7132127.523723509&OUTPUTFORMAT=application%2Fjson&SRSNAME=EPSG%3A32617&TIME=2019-05-12T00%3A00%3A00%2F2019-05-18T23%3A59%3A59&MAXCC=80.0&MAXFEATURES=100&FEATURE_OFFSET=0
2021-03-23 19:28:51,090 eolearn.io.processing_api DEBUG    Downloading 4 requests of type DataCollection.SENTINEL2_L1C
2021-03-23 19:28:51,094 sentinelhub.download.sentinelhub_client DEBUG    ThreadPoolExecutor-995_1: Sleeping for 0.05
2021-03-23 19:28:51,095 urllib3.connectionpool DEBUG    Starting new HTTPS connection (1): services.sentinel-hub.com:443
2021-03-23 19:28:51,096 sentinelhub.download.sentinelhub_client DEBUG    ThreadPoolExecutor-995_2: Sleeping for 0.05
2021-03-23 19:28:51,097 sentinelhub.download.sentinelhub_client DEBUG    ThreadPoolExecutor-995_3: Sleeping for 0.05
2021-03-23 19:28:51,147 sentinelhub.download.sentinelhub_client DEBUG    ThreadPoolExecutor-995_1: Sleeping for 0.00
2021-03-23 19:28:51,148 sentinelhub.download.sentinelhub_client DEBUG    ThreadPoolExecutor-995_2: Sleeping for 0.00
2021-03-23 19:28:51,150 sentinelhub.download.sentinelhub_client DEBUG    ThreadPoolExecutor-995_3: Sleeping for 0.00
2021-03-23 19:28:51,153 sentinelhub.download.sentinelhub_client DEBUG    ThreadPoolExecutor-995_2: Sleeping for 0.05
2021-03-23 19:28:51,155 sentinelhub.download.sentinelhub_client DEBUG    ThreadPoolExecutor-995_3: Sleeping for 0.05
2021-03-23 19:28:51,155 urllib3.connectionpool DEBUG    Starting new HTTPS connection (1): services.sentinel-hub.com:443
2021-03-23 19:28:51,205 sentinelhub.download.sentinelhub_client DEBUG    ThreadPoolExecutor-995_2: Sleeping for 0.00
2021-03-23 19:28:51,206 sentinelhub.download.sentinelhub_client DEBUG    ThreadPoolExecutor-995_3: Sleeping for 0.00
2021-03-23 19:28:51,211 sentinelhub.download.sentinelhub_client DEBUG    ThreadPoolExecutor-995_2: Sleeping for 0.00
2021-03-23 19:28:51,212 sentinelhub.download.sentinelhub_client DEBUG    ThreadPoolExecutor-995_3: Sleeping for 0.00
2021-03-23 19:28:51,218 sentinelhub.download.sentinelhub_client DEBUG    ThreadPoolExecutor-995_3: Sleeping for 0.05
2021-03-23 19:28:51,220 urllib3.connectionpool DEBUG    Starting new HTTPS connection (1): services.sentinel-hub.com:443
2021-03-23 19:28:51,270 sentinelhub.download.sentinelhub_client DEBUG    ThreadPoolExecutor-995_3: Sleeping for 0.00
2021-03-23 19:28:51,275 sentinelhub.download.sentinelhub_client DEBUG    ThreadPoolExecutor-995_3: Sleeping for 0.00
2021-03-23 19:28:51,282 urllib3.connectionpool DEBUG    Starting new HTTPS connection (1): services.sentinel-hub.com:443
2021-03-23 19:28:52,272 urllib3.connectionpool DEBUG    https://services.sentinel-hub.com:443 "POST /api/v1/process HTTP/1.1" 200 None
2021-03-23 19:28:52,722 urllib3.connectionpool DEBUG    https://services.sentinel-hub.com:443 "POST /api/v1/process HTTP/1.1" 200 None
2021-03-23 19:28:52,867 urllib3.connectionpool DEBUG    https://services.sentinel-hub.com:443 "POST /api/v1/process HTTP/1.1" 200 None
2021-03-23 19:28:52,922 urllib3.connectionpool DEBUG    https://services.sentinel-hub.com:443 "POST /api/v1/process HTTP/1.1" 200 None
2021-03-23 19:28:53,882 sentinelhub.download.sentinelhub_client DEBUG    ThreadPoolExecutor-995_0: Successful download from https://services.sentinel-hub.com/api/v1/process
2021-03-23 19:28:55,452 sentinelhub.download.sentinelhub_client DEBUG    ThreadPoolExecutor-995_1: Successful download from https://services.sentinel-hub.com/api/v1/process
2021-03-23 19:28:57,842 sentinelhub.download.sentinelhub_client DEBUG    ThreadPoolExecutor-995_2: Successful download from https://services.sentinel-hub.com/api/v1/process
2021-03-23 19:29:05,272 sentinelhub.download.sentinelhub_client DEBUG    ThreadPoolExecutor-995_3: Successful download from https://services.sentinel-hub.com/api/v1/process
2021-03-23 19:29:05,292 eolearn.io.processing_api DEBUG    Downloads complete
2021-03-23 19:29:05,341 eolearn.core.eoworkflow DEBUG    Computing AddValidDataMaskTask(*(EOPatch(
  data: {
    BANDS: numpy.ndarray(shape=(4, 306, 357, 3), dtype=float32)
  }
  mask: {
    CLM: numpy.ndarray(shape=(4, 306, 357, 1), dtype=uint8)
    IS_DATA: numpy.ndarray(shape=(4, 306, 357, 1), dtype=bool)
  }
  scalar: {}
  label: {}
  vector: {}
  data_timeless: {}
  mask_timeless: {}
  scalar_timeless: {}
  label_timeless: {}
  vector_timeless: {}
  meta_info: {
    maxcc: 0.8
    service_type: 'processing'
    size_x: 357
    size_y: 306
    time_difference: datetime.timedelta(seconds=7200)
    time_interval: ('2019-05-12T00:00:00', '2019-05-18T23:59:59')
  }
  bbox: BBox(((772619.9778728553, 7071009.689093189), (843952.2597114183, 7132127.523723509)), crs=CRS('32617'))
  timestamp: [datetime.datetime(2019, 5, 14, 16, 55, 27), ..., datetime.datetime(2019, 5, 18, 16, 35, 27)], length=4
),), **{})
2021-03-23 19:29:05,341 eolearn.core.eoworkflow DEBUG    Removing intermediate result for AddValidDataMaskTask
2021-03-23 19:29:05,341 eolearn.core.eoworkflow DEBUG    Computing AddValidDataCoverage(*(EOPatch(
  data: {
    BANDS: numpy.ndarray(shape=(4, 306, 357, 3), dtype=float32)
  }
  mask: {
    CLM: numpy.ndarray(shape=(4, 306, 357, 1), dtype=uint8)
    IS_DATA: numpy.ndarray(shape=(4, 306, 357, 1), dtype=bool)
    VALID_DATA: numpy.ndarray(shape=(4, 306, 357, 1), dtype=bool)
  }
  scalar: {}
  label: {}
  vector: {}
  data_timeless: {}
  mask_timeless: {}
  scalar_timeless: {}
  label_timeless: {}
  vector_timeless: {}
  meta_info: {
    maxcc: 0.8
    service_type: 'processing'
    size_x: 357
    size_y: 306
    time_difference: datetime.timedelta(seconds=7200)
    time_interval: ('2019-05-12T00:00:00', '2019-05-18T23:59:59')
  }
  bbox: BBox(((772619.9778728553, 7071009.689093189), (843952.2597114183, 7132127.523723509)), crs=CRS('32617'))
  timestamp: [datetime.datetime(2019, 5, 14, 16, 55, 27), ..., datetime.datetime(2019, 5, 18, 16, 35, 27)], length=4
),), **{})
2021-03-23 19:29:05,341 eolearn.core.eoworkflow DEBUG    Removing intermediate result for AddValidDataCoverage
2021-03-23 19:29:05,341 eolearn.core.eoworkflow DEBUG    Computing SimpleFilterTask(*(EOPatch(
  data: {
    BANDS: numpy.ndarray(shape=(4, 306, 357, 3), dtype=float32)
  }
  mask: {
    CLM: numpy.ndarray(shape=(4, 306, 357, 1), dtype=uint8)
    IS_DATA: numpy.ndarray(shape=(4, 306, 357, 1), dtype=bool)
    VALID_DATA: numpy.ndarray(shape=(4, 306, 357, 1), dtype=bool)
  }
  scalar: {
    COVERAGE: numpy.ndarray(shape=(4, 1), dtype=float64)
  }
  label: {}
  vector: {}
  data_timeless: {}
  mask_timeless: {}
  scalar_timeless: {}
  label_timeless: {}
  vector_timeless: {}
  meta_info: {
    maxcc: 0.8
    service_type: 'processing'
    size_x: 357
    size_y: 306
    time_difference: datetime.timedelta(seconds=7200)
    time_interval: ('2019-05-12T00:00:00', '2019-05-18T23:59:59')
  }
  bbox: BBox(((772619.9778728553, 7071009.689093189), (843952.2597114183, 7132127.523723509)), crs=CRS('32617'))
  timestamp: [datetime.datetime(2019, 5, 14, 16, 55, 27), ..., datetime.datetime(2019, 5, 18, 16, 35, 27)], length=4
),), **{})
2021-03-23 19:29:05,341 root         DEBUG    EOWorkflow execution failed
