2021-03-23 19:30:03,762 eolearn.core.eoworkflow DEBUG    Computing SentinelHubInputTask(*(), **{'bbox': BBox(((843952.2597114183, 6948774.01983255), (915284.5415499813, 7009891.854462869)), crs=CRS('32617')), 'time_interval': ['2019-05-12', '2019-5-18']})
2021-03-23 19:30:03,764 sentinelhub.ogc DEBUG    URL=https://services.sentinel-hub.com/ogc/wfs/8b62defc-8bf6-4075-9eaf-6e24383df20e?SERVICE=wfs&WARNINGS=False&REQUEST=GetFeature&TYPENAMES=DSS1&BBOX=843952.2597114183%2C6948774.01983255%2C915284.5415499813%2C7009891.854462869&OUTPUTFORMAT=application%2Fjson&SRSNAME=EPSG%3A32617&TIME=2019-05-12T00%3A00%3A00%2F2019-05-18T23%3A59%3A59&MAXCC=80.0&MAXFEATURES=100&FEATURE_OFFSET=0
2021-03-23 19:30:03,770 urllib3.connectionpool DEBUG    Starting new HTTPS connection (1): services.sentinel-hub.com:443
2021-03-23 19:30:05,468 urllib3.connectionpool DEBUG    https://services.sentinel-hub.com:443 "GET /ogc/wfs/8b62defc-8bf6-4075-9eaf-6e24383df20e?SERVICE=wfs&WARNINGS=False&REQUEST=GetFeature&TYPENAMES=DSS1&BBOX=843952.2597114183%2C6948774.01983255%2C915284.5415499813%2C7009891.854462869&OUTPUTFORMAT=application%2Fjson&SRSNAME=EPSG%3A32617&TIME=2019-05-12T00%3A00%3A00%2F2019-05-18T23%3A59%3A59&MAXCC=80.0&MAXFEATURES=100&FEATURE_OFFSET=0 HTTP/1.1" 200 None
2021-03-23 19:30:05,471 sentinelhub.download.sentinelhub_client DEBUG    ThreadPoolExecutor-1085_0: Successful download from https://services.sentinel-hub.com/ogc/wfs/8b62defc-8bf6-4075-9eaf-6e24383df20e?SERVICE=wfs&WARNINGS=False&REQUEST=GetFeature&TYPENAMES=DSS1&BBOX=843952.2597114183%2C6948774.01983255%2C915284.5415499813%2C7009891.854462869&OUTPUTFORMAT=application%2Fjson&SRSNAME=EPSG%3A32617&TIME=2019-05-12T00%3A00%3A00%2F2019-05-18T23%3A59%3A59&MAXCC=80.0&MAXFEATURES=100&FEATURE_OFFSET=0
2021-03-23 19:30:05,477 eolearn.io.processing_api DEBUG    Downloading 5 requests of type DataCollection.SENTINEL2_L1C
2021-03-23 19:30:05,479 sentinelhub.download.sentinelhub_client DEBUG    ThreadPoolExecutor-1086_1: Sleeping for 0.05
2021-03-23 19:30:05,480 sentinelhub.download.sentinelhub_client DEBUG    ThreadPoolExecutor-1086_2: Sleeping for 0.03
2021-03-23 19:30:05,481 urllib3.connectionpool DEBUG    Starting new HTTPS connection (1): services.sentinel-hub.com:443
2021-03-23 19:30:05,481 sentinelhub.download.sentinelhub_client DEBUG    ThreadPoolExecutor-1086_3: Sleeping for 0.03
2021-03-23 19:30:05,482 sentinelhub.download.sentinelhub_client DEBUG    ThreadPoolExecutor-1086_4: Sleeping for 0.03
2021-03-23 19:30:05,517 sentinelhub.download.sentinelhub_client DEBUG    ThreadPoolExecutor-1086_2: Sleeping for 0.00
2021-03-23 19:30:05,519 sentinelhub.download.sentinelhub_client DEBUG    ThreadPoolExecutor-1086_4: Sleeping for 0.00
2021-03-23 19:30:05,519 sentinelhub.download.sentinelhub_client DEBUG    ThreadPoolExecutor-1086_3: Sleeping for 0.00
2021-03-23 19:30:05,521 sentinelhub.download.sentinelhub_client DEBUG    ThreadPoolExecutor-1086_2: Sleeping for 0.00
2021-03-23 19:30:05,524 sentinelhub.download.sentinelhub_client DEBUG    ThreadPoolExecutor-1086_3: Sleeping for 0.00
2021-03-23 19:30:05,524 sentinelhub.download.sentinelhub_client DEBUG    ThreadPoolExecutor-1086_4: Sleeping for 0.00
2021-03-23 19:30:05,528 sentinelhub.download.sentinelhub_client DEBUG    ThreadPoolExecutor-1086_4: Sleeping for 0.05
2021-03-23 19:30:05,528 sentinelhub.download.sentinelhub_client DEBUG    ThreadPoolExecutor-1086_3: Sleeping for 0.05
2021-03-23 19:30:05,528 urllib3.connectionpool DEBUG    Starting new HTTPS connection (1): services.sentinel-hub.com:443
2021-03-23 19:30:05,532 sentinelhub.download.sentinelhub_client DEBUG    ThreadPoolExecutor-1086_1: Sleeping for 0.05
2021-03-23 19:30:05,580 sentinelhub.download.sentinelhub_client DEBUG    ThreadPoolExecutor-1086_4: Sleeping for 0.00
2021-03-23 19:30:05,581 sentinelhub.download.sentinelhub_client DEBUG    ThreadPoolExecutor-1086_3: Sleeping for 0.00
2021-03-23 19:30:05,583 sentinelhub.download.sentinelhub_client DEBUG    ThreadPoolExecutor-1086_1: Sleeping for 0.00
2021-03-23 19:30:05,586 sentinelhub.download.sentinelhub_client DEBUG    ThreadPoolExecutor-1086_4: Sleeping for 0.00
2021-03-23 19:30:05,588 sentinelhub.download.sentinelhub_client DEBUG    ThreadPoolExecutor-1086_3: Sleeping for 0.00
2021-03-23 19:30:05,591 urllib3.connectionpool DEBUG    Starting new HTTPS connection (1): services.sentinel-hub.com:443
2021-03-23 19:30:05,594 sentinelhub.download.sentinelhub_client DEBUG    ThreadPoolExecutor-1086_3: Sleeping for 0.05
2021-03-23 19:30:05,594 sentinelhub.download.sentinelhub_client DEBUG    ThreadPoolExecutor-1086_4: Sleeping for 0.05
2021-03-23 19:30:05,647 sentinelhub.download.sentinelhub_client DEBUG    ThreadPoolExecutor-1086_3: Sleeping for 0.00
2021-03-23 19:30:05,647 sentinelhub.download.sentinelhub_client DEBUG    ThreadPoolExecutor-1086_4: Sleeping for 0.00
2021-03-23 19:30:05,652 sentinelhub.download.sentinelhub_client DEBUG    ThreadPoolExecutor-1086_4: Sleeping for 0.05
2021-03-23 19:30:05,656 urllib3.connectionpool DEBUG    Starting new HTTPS connection (1): services.sentinel-hub.com:443
2021-03-23 19:30:05,706 sentinelhub.download.sentinelhub_client DEBUG    ThreadPoolExecutor-1086_4: Sleeping for 0.00
2021-03-23 19:30:05,713 sentinelhub.download.sentinelhub_client DEBUG    ThreadPoolExecutor-1086_4: Sleeping for 0.00
2021-03-23 19:30:05,721 urllib3.connectionpool DEBUG    Starting new HTTPS connection (1): services.sentinel-hub.com:443
2021-03-23 19:30:06,315 urllib3.connectionpool DEBUG    https://services.sentinel-hub.com:443 "POST /api/v1/process HTTP/1.1" 200 7168
2021-03-23 19:30:06,317 sentinelhub.download.sentinelhub_client DEBUG    ThreadPoolExecutor-1086_0: Successful download from https://services.sentinel-hub.com/api/v1/process
2021-03-23 19:30:06,439 urllib3.connectionpool DEBUG    https://services.sentinel-hub.com:443 "POST /api/v1/process HTTP/1.1" 200 None
2021-03-23 19:30:06,441 sentinelhub.download.sentinelhub_client DEBUG    ThreadPoolExecutor-1086_2: Successful download from https://services.sentinel-hub.com/api/v1/process
2021-03-23 19:30:06,521 urllib3.connectionpool DEBUG    https://services.sentinel-hub.com:443 "POST /api/v1/process HTTP/1.1" 200 None
2021-03-23 19:30:06,815 urllib3.connectionpool DEBUG    https://services.sentinel-hub.com:443 "POST /api/v1/process HTTP/1.1" 200 None
2021-03-23 19:30:07,155 urllib3.connectionpool DEBUG    https://services.sentinel-hub.com:443 "POST /api/v1/process HTTP/1.1" 200 None
2021-03-23 19:30:07,927 sentinelhub.download.sentinelhub_client DEBUG    ThreadPoolExecutor-1086_1: Successful download from https://services.sentinel-hub.com/api/v1/process
2021-03-23 19:30:08,582 sentinelhub.download.sentinelhub_client DEBUG    ThreadPoolExecutor-1086_3: Successful download from https://services.sentinel-hub.com/api/v1/process
2021-03-23 19:30:11,330 sentinelhub.download.sentinelhub_client DEBUG    ThreadPoolExecutor-1086_4: Successful download from https://services.sentinel-hub.com/api/v1/process
2021-03-23 19:30:11,346 eolearn.io.processing_api DEBUG    Downloads complete
2021-03-23 19:30:11,390 eolearn.core.eoworkflow DEBUG    Computing AddValidDataMaskTask(*(EOPatch(
  data: {
    BANDS: numpy.ndarray(shape=(5, 306, 357, 3), dtype=float32)
  }
  mask: {
    CLM: numpy.ndarray(shape=(5, 306, 357, 1), dtype=uint8)
    IS_DATA: numpy.ndarray(shape=(5, 306, 357, 1), dtype=bool)
  }
  scalar: {}
  label: {}
  vector: {}
  data_timeless: {}
  mask_timeless: {}
  scalar_timeless: {}
  label_timeless: {}
  vector_timeless: {}
  meta_info: {
    maxcc: 0.8
    service_type: 'processing'
    size_x: 357
    size_y: 306
    time_difference: datetime.timedelta(seconds=7200)
    time_interval: ('2019-05-12T00:00:00', '2019-05-18T23:59:59')
  }
  bbox: BBox(((843952.2597114183, 6948774.01983255), (915284.5415499813, 7009891.854462869)), crs=CRS('32617'))
  timestamp: [datetime.datetime(2019, 5, 12, 16, 15, 55), ..., datetime.datetime(2019, 5, 18, 16, 35, 49)], length=5
),), **{})
2021-03-23 19:30:11,393 eolearn.core.eoworkflow DEBUG    Removing intermediate result for AddValidDataMaskTask
2021-03-23 19:30:11,393 eolearn.core.eoworkflow DEBUG    Computing AddValidDataCoverage(*(EOPatch(
  data: {
    BANDS: numpy.ndarray(shape=(5, 306, 357, 3), dtype=float32)
  }
  mask: {
    CLM: numpy.ndarray(shape=(5, 306, 357, 1), dtype=uint8)
    IS_DATA: numpy.ndarray(shape=(5, 306, 357, 1), dtype=bool)
    VALID_DATA: numpy.ndarray(shape=(5, 306, 357, 1), dtype=bool)
  }
  scalar: {}
  label: {}
  vector: {}
  data_timeless: {}
  mask_timeless: {}
  scalar_timeless: {}
  label_timeless: {}
  vector_timeless: {}
  meta_info: {
    maxcc: 0.8
    service_type: 'processing'
    size_x: 357
    size_y: 306
    time_difference: datetime.timedelta(seconds=7200)
    time_interval: ('2019-05-12T00:00:00', '2019-05-18T23:59:59')
  }
  bbox: BBox(((843952.2597114183, 6948774.01983255), (915284.5415499813, 7009891.854462869)), crs=CRS('32617'))
  timestamp: [datetime.datetime(2019, 5, 12, 16, 15, 55), ..., datetime.datetime(2019, 5, 18, 16, 35, 49)], length=5
),), **{})
2021-03-23 19:30:11,394 eolearn.core.eoworkflow DEBUG    Removing intermediate result for AddValidDataCoverage
2021-03-23 19:30:11,395 eolearn.core.eoworkflow DEBUG    Computing SimpleFilterTask(*(EOPatch(
  data: {
    BANDS: numpy.ndarray(shape=(5, 306, 357, 3), dtype=float32)
  }
  mask: {
    CLM: numpy.ndarray(shape=(5, 306, 357, 1), dtype=uint8)
    IS_DATA: numpy.ndarray(shape=(5, 306, 357, 1), dtype=bool)
    VALID_DATA: numpy.ndarray(shape=(5, 306, 357, 1), dtype=bool)
  }
  scalar: {
    COVERAGE: numpy.ndarray(shape=(5, 1), dtype=float64)
  }
  label: {}
  vector: {}
  data_timeless: {}
  mask_timeless: {}
  scalar_timeless: {}
  label_timeless: {}
  vector_timeless: {}
  meta_info: {
    maxcc: 0.8
    service_type: 'processing'
    size_x: 357
    size_y: 306
    time_difference: datetime.timedelta(seconds=7200)
    time_interval: ('2019-05-12T00:00:00', '2019-05-18T23:59:59')
  }
  bbox: BBox(((843952.2597114183, 6948774.01983255), (915284.5415499813, 7009891.854462869)), crs=CRS('32617'))
  timestamp: [datetime.datetime(2019, 5, 12, 16, 15, 55), ..., datetime.datetime(2019, 5, 18, 16, 35, 49)], length=5
),), **{})
2021-03-23 19:30:11,397 root         DEBUG    EOWorkflow execution failed
