2021-03-23 19:30:11,402 eolearn.core.eoworkflow DEBUG    Computing SentinelHubInputTask(*(), **{'bbox': BBox(((915284.5415499813, 6948774.01983255), (986616.8233885444, 7009891.854462869)), crs=CRS('32617')), 'time_interval': ['2019-05-12', '2019-5-18']})
2021-03-23 19:30:11,405 sentinelhub.ogc DEBUG    URL=https://services.sentinel-hub.com/ogc/wfs/8b62defc-8bf6-4075-9eaf-6e24383df20e?SERVICE=wfs&WARNINGS=False&REQUEST=GetFeature&TYPENAMES=DSS1&BBOX=915284.5415499813%2C6948774.01983255%2C986616.8233885444%2C7009891.854462869&OUTPUTFORMAT=application%2Fjson&SRSNAME=EPSG%3A32617&TIME=2019-05-12T00%3A00%3A00%2F2019-05-18T23%3A59%3A59&MAXCC=80.0&MAXFEATURES=100&FEATURE_OFFSET=0
2021-03-23 19:30:11,411 urllib3.connectionpool DEBUG    Starting new HTTPS connection (1): services.sentinel-hub.com:443
2021-03-23 19:30:12,851 urllib3.connectionpool DEBUG    https://services.sentinel-hub.com:443 "GET /ogc/wfs/8b62defc-8bf6-4075-9eaf-6e24383df20e?SERVICE=wfs&WARNINGS=False&REQUEST=GetFeature&TYPENAMES=DSS1&BBOX=915284.5415499813%2C6948774.01983255%2C986616.8233885444%2C7009891.854462869&OUTPUTFORMAT=application%2Fjson&SRSNAME=EPSG%3A32617&TIME=2019-05-12T00%3A00%3A00%2F2019-05-18T23%3A59%3A59&MAXCC=80.0&MAXFEATURES=100&FEATURE_OFFSET=0 HTTP/1.1" 200 6594
2021-03-23 19:30:12,855 sentinelhub.download.sentinelhub_client DEBUG    ThreadPoolExecutor-1102_0: Successful download from https://services.sentinel-hub.com/ogc/wfs/8b62defc-8bf6-4075-9eaf-6e24383df20e?SERVICE=wfs&WARNINGS=False&REQUEST=GetFeature&TYPENAMES=DSS1&BBOX=915284.5415499813%2C6948774.01983255%2C986616.8233885444%2C7009891.854462869&OUTPUTFORMAT=application%2Fjson&SRSNAME=EPSG%3A32617&TIME=2019-05-12T00%3A00%3A00%2F2019-05-18T23%3A59%3A59&MAXCC=80.0&MAXFEATURES=100&FEATURE_OFFSET=0
2021-03-23 19:30:12,859 eolearn.io.processing_api DEBUG    Downloading 3 requests of type DataCollection.SENTINEL2_L1C
2021-03-23 19:30:12,862 sentinelhub.download.sentinelhub_client DEBUG    ThreadPoolExecutor-1103_1: Sleeping for 0.05
2021-03-23 19:30:12,863 urllib3.connectionpool DEBUG    Starting new HTTPS connection (1): services.sentinel-hub.com:443
2021-03-23 19:30:12,864 sentinelhub.download.sentinelhub_client DEBUG    ThreadPoolExecutor-1103_2: Sleeping for 0.05
2021-03-23 19:30:12,915 sentinelhub.download.sentinelhub_client DEBUG    ThreadPoolExecutor-1103_1: Sleeping for 0.00
2021-03-23 19:30:12,917 sentinelhub.download.sentinelhub_client DEBUG    ThreadPoolExecutor-1103_2: Sleeping for 0.00
2021-03-23 19:30:12,921 sentinelhub.download.sentinelhub_client DEBUG    ThreadPoolExecutor-1103_2: Sleeping for 0.05
2021-03-23 19:30:12,922 urllib3.connectionpool DEBUG    Starting new HTTPS connection (1): services.sentinel-hub.com:443
2021-03-23 19:30:12,973 sentinelhub.download.sentinelhub_client DEBUG    ThreadPoolExecutor-1103_2: Sleeping for 0.00
2021-03-23 19:30:12,977 sentinelhub.download.sentinelhub_client DEBUG    ThreadPoolExecutor-1103_2: Sleeping for 0.00
2021-03-23 19:30:12,987 urllib3.connectionpool DEBUG    Starting new HTTPS connection (1): services.sentinel-hub.com:443
2021-03-23 19:30:14,769 urllib3.connectionpool DEBUG    https://services.sentinel-hub.com:443 "POST /api/v1/process HTTP/1.1" 200 None
2021-03-23 19:30:15,061 urllib3.connectionpool DEBUG    https://services.sentinel-hub.com:443 "POST /api/v1/process HTTP/1.1" 200 None
2021-03-23 19:30:15,427 urllib3.connectionpool DEBUG    https://services.sentinel-hub.com:443 "POST /api/v1/process HTTP/1.1" 200 None
2021-03-23 19:30:17,737 sentinelhub.download.sentinelhub_client DEBUG    ThreadPoolExecutor-1103_1: Successful download from https://services.sentinel-hub.com/api/v1/process
2021-03-23 19:30:17,781 sentinelhub.download.sentinelhub_client DEBUG    ThreadPoolExecutor-1103_0: Successful download from https://services.sentinel-hub.com/api/v1/process
2021-03-23 19:30:17,930 sentinelhub.download.sentinelhub_client DEBUG    ThreadPoolExecutor-1103_2: Successful download from https://services.sentinel-hub.com/api/v1/process
2021-03-23 19:30:17,949 eolearn.io.processing_api DEBUG    Downloads complete
2021-03-23 19:30:17,982 eolearn.core.eoworkflow DEBUG    Computing AddValidDataMaskTask(*(EOPatch(
  data: {
    BANDS: numpy.ndarray(shape=(3, 306, 357, 3), dtype=float32)
  }
  mask: {
    CLM: numpy.ndarray(shape=(3, 306, 357, 1), dtype=uint8)
    IS_DATA: numpy.ndarray(shape=(3, 306, 357, 1), dtype=bool)
  }
  scalar: {}
  label: {}
  vector: {}
  data_timeless: {}
  mask_timeless: {}
  scalar_timeless: {}
  label_timeless: {}
  vector_timeless: {}
  meta_info: {
    maxcc: 0.8
    service_type: 'processing'
    size_x: 357
    size_y: 306
    time_difference: datetime.timedelta(seconds=7200)
    time_interval: ('2019-05-12T00:00:00', '2019-05-18T23:59:59')
  }
  bbox: BBox(((915284.5415499813, 6948774.01983255), (986616.8233885444, 7009891.854462869)), crs=CRS('32617'))
  timestamp: [datetime.datetime(2019, 5, 12, 16, 15, 55), ..., datetime.datetime(2019, 5, 18, 16, 35, 49)], length=3
),), **{})
2021-03-23 19:30:17,982 eolearn.core.eoworkflow DEBUG    Removing intermediate result for AddValidDataMaskTask
2021-03-23 19:30:17,992 eolearn.core.eoworkflow DEBUG    Computing AddValidDataCoverage(*(EOPatch(
  data: {
    BANDS: numpy.ndarray(shape=(3, 306, 357, 3), dtype=float32)
  }
  mask: {
    CLM: numpy.ndarray(shape=(3, 306, 357, 1), dtype=uint8)
    IS_DATA: numpy.ndarray(shape=(3, 306, 357, 1), dtype=bool)
    VALID_DATA: numpy.ndarray(shape=(3, 306, 357, 1), dtype=bool)
  }
  scalar: {}
  label: {}
  vector: {}
  data_timeless: {}
  mask_timeless: {}
  scalar_timeless: {}
  label_timeless: {}
  vector_timeless: {}
  meta_info: {
    maxcc: 0.8
    service_type: 'processing'
    size_x: 357
    size_y: 306
    time_difference: datetime.timedelta(seconds=7200)
    time_interval: ('2019-05-12T00:00:00', '2019-05-18T23:59:59')
  }
  bbox: BBox(((915284.5415499813, 6948774.01983255), (986616.8233885444, 7009891.854462869)), crs=CRS('32617'))
  timestamp: [datetime.datetime(2019, 5, 12, 16, 15, 55), ..., datetime.datetime(2019, 5, 18, 16, 35, 49)], length=3
),), **{})
2021-03-23 19:30:17,992 eolearn.core.eoworkflow DEBUG    Removing intermediate result for AddValidDataCoverage
2021-03-23 19:30:17,992 eolearn.core.eoworkflow DEBUG    Computing SimpleFilterTask(*(EOPatch(
  data: {
    BANDS: numpy.ndarray(shape=(3, 306, 357, 3), dtype=float32)
  }
  mask: {
    CLM: numpy.ndarray(shape=(3, 306, 357, 1), dtype=uint8)
    IS_DATA: numpy.ndarray(shape=(3, 306, 357, 1), dtype=bool)
    VALID_DATA: numpy.ndarray(shape=(3, 306, 357, 1), dtype=bool)
  }
  scalar: {
    COVERAGE: numpy.ndarray(shape=(3, 1), dtype=float64)
  }
  label: {}
  vector: {}
  data_timeless: {}
  mask_timeless: {}
  scalar_timeless: {}
  label_timeless: {}
  vector_timeless: {}
  meta_info: {
    maxcc: 0.8
    service_type: 'processing'
    size_x: 357
    size_y: 306
    time_difference: datetime.timedelta(seconds=7200)
    time_interval: ('2019-05-12T00:00:00', '2019-05-18T23:59:59')
  }
  bbox: BBox(((915284.5415499813, 6948774.01983255), (986616.8233885444, 7009891.854462869)), crs=CRS('32617'))
  timestamp: [datetime.datetime(2019, 5, 12, 16, 15, 55), ..., datetime.datetime(2019, 5, 18, 16, 35, 49)], length=3
),), **{})
2021-03-23 19:30:17,992 root         DEBUG    EOWorkflow execution failed
