2021-03-23 19:29:25,534 eolearn.core.eoworkflow DEBUG    Computing SentinelHubInputTask(*(), **{'bbox': BBox(((843952.2597114183, 7009891.854462869), (915284.5415499813, 7071009.689093189)), crs=CRS('32617')), 'time_interval': ['2019-05-12', '2019-5-18']})
2021-03-23 19:29:25,536 sentinelhub.ogc DEBUG    URL=https://services.sentinel-hub.com/ogc/wfs/8b62defc-8bf6-4075-9eaf-6e24383df20e?SERVICE=wfs&WARNINGS=False&REQUEST=GetFeature&TYPENAMES=DSS1&BBOX=843952.2597114183%2C7009891.854462869%2C915284.5415499813%2C7071009.689093189&OUTPUTFORMAT=application%2Fjson&SRSNAME=EPSG%3A32617&TIME=2019-05-12T00%3A00%3A00%2F2019-05-18T23%3A59%3A59&MAXCC=80.0&MAXFEATURES=100&FEATURE_OFFSET=0
2021-03-23 19:29:25,543 urllib3.connectionpool DEBUG    Starting new HTTPS connection (1): services.sentinel-hub.com:443
2021-03-23 19:29:26,236 urllib3.connectionpool DEBUG    https://services.sentinel-hub.com:443 "GET /ogc/wfs/8b62defc-8bf6-4075-9eaf-6e24383df20e?SERVICE=wfs&WARNINGS=False&REQUEST=GetFeature&TYPENAMES=DSS1&BBOX=843952.2597114183%2C7009891.854462869%2C915284.5415499813%2C7071009.689093189&OUTPUTFORMAT=application%2Fjson&SRSNAME=EPSG%3A32617&TIME=2019-05-12T00%3A00%3A00%2F2019-05-18T23%3A59%3A59&MAXCC=80.0&MAXFEATURES=100&FEATURE_OFFSET=0 HTTP/1.1" 200 None
2021-03-23 19:29:26,240 sentinelhub.download.sentinelhub_client DEBUG    ThreadPoolExecutor-1042_0: Successful download from https://services.sentinel-hub.com/ogc/wfs/8b62defc-8bf6-4075-9eaf-6e24383df20e?SERVICE=wfs&WARNINGS=False&REQUEST=GetFeature&TYPENAMES=DSS1&BBOX=843952.2597114183%2C7009891.854462869%2C915284.5415499813%2C7071009.689093189&OUTPUTFORMAT=application%2Fjson&SRSNAME=EPSG%3A32617&TIME=2019-05-12T00%3A00%3A00%2F2019-05-18T23%3A59%3A59&MAXCC=80.0&MAXFEATURES=100&FEATURE_OFFSET=0
2021-03-23 19:29:26,245 eolearn.io.processing_api DEBUG    Downloading 4 requests of type DataCollection.SENTINEL2_L1C
2021-03-23 19:29:26,248 sentinelhub.download.sentinelhub_client DEBUG    ThreadPoolExecutor-1043_1: Sleeping for 0.05
2021-03-23 19:29:26,249 urllib3.connectionpool DEBUG    Starting new HTTPS connection (1): services.sentinel-hub.com:443
2021-03-23 19:29:26,250 sentinelhub.download.sentinelhub_client DEBUG    ThreadPoolExecutor-1043_2: Sleeping for 0.05
2021-03-23 19:29:26,250 sentinelhub.download.sentinelhub_client DEBUG    ThreadPoolExecutor-1043_3: Sleeping for 0.05
2021-03-23 19:29:26,301 sentinelhub.download.sentinelhub_client DEBUG    ThreadPoolExecutor-1043_1: Sleeping for 0.00
2021-03-23 19:29:26,302 sentinelhub.download.sentinelhub_client DEBUG    ThreadPoolExecutor-1043_2: Sleeping for 0.00
2021-03-23 19:29:26,303 sentinelhub.download.sentinelhub_client DEBUG    ThreadPoolExecutor-1043_3: Sleeping for 0.00
2021-03-23 19:29:26,305 sentinelhub.download.sentinelhub_client DEBUG    ThreadPoolExecutor-1043_1: Sleeping for 0.00
2021-03-23 19:29:26,306 sentinelhub.download.sentinelhub_client DEBUG    ThreadPoolExecutor-1043_2: Sleeping for 0.00
2021-03-23 19:29:26,307 sentinelhub.download.sentinelhub_client DEBUG    ThreadPoolExecutor-1043_3: Sleeping for 0.00
2021-03-23 19:29:26,311 sentinelhub.download.sentinelhub_client DEBUG    ThreadPoolExecutor-1043_2: Sleeping for 0.05
2021-03-23 19:29:26,311 sentinelhub.download.sentinelhub_client DEBUG    ThreadPoolExecutor-1043_3: Sleeping for 0.05
2021-03-23 19:29:26,311 urllib3.connectionpool DEBUG    Starting new HTTPS connection (1): services.sentinel-hub.com:443
2021-03-23 19:29:26,362 sentinelhub.download.sentinelhub_client DEBUG    ThreadPoolExecutor-1043_2: Sleeping for 0.00
2021-03-23 19:29:26,363 sentinelhub.download.sentinelhub_client DEBUG    ThreadPoolExecutor-1043_3: Sleeping for 0.00
2021-03-23 19:29:26,367 sentinelhub.download.sentinelhub_client DEBUG    ThreadPoolExecutor-1043_2: Sleeping for 0.00
2021-03-23 19:29:26,368 sentinelhub.download.sentinelhub_client DEBUG    ThreadPoolExecutor-1043_3: Sleeping for 0.00
2021-03-23 19:29:26,374 sentinelhub.download.sentinelhub_client DEBUG    ThreadPoolExecutor-1043_3: Sleeping for 0.05
2021-03-23 19:29:26,376 urllib3.connectionpool DEBUG    Starting new HTTPS connection (1): services.sentinel-hub.com:443
2021-03-23 19:29:26,427 sentinelhub.download.sentinelhub_client DEBUG    ThreadPoolExecutor-1043_3: Sleeping for 0.00
2021-03-23 19:29:26,431 sentinelhub.download.sentinelhub_client DEBUG    ThreadPoolExecutor-1043_3: Sleeping for 0.00
2021-03-23 19:29:26,438 urllib3.connectionpool DEBUG    Starting new HTTPS connection (1): services.sentinel-hub.com:443
2021-03-23 19:29:27,284 urllib3.connectionpool DEBUG    https://services.sentinel-hub.com:443 "POST /api/v1/process HTTP/1.1" 200 None
2021-03-23 19:29:27,491 sentinelhub.download.sentinelhub_client DEBUG    ThreadPoolExecutor-1043_0: Successful download from https://services.sentinel-hub.com/api/v1/process
2021-03-23 19:29:27,544 urllib3.connectionpool DEBUG    https://services.sentinel-hub.com:443 "POST /api/v1/process HTTP/1.1" 200 None
2021-03-23 19:29:27,560 urllib3.connectionpool DEBUG    https://services.sentinel-hub.com:443 "POST /api/v1/process HTTP/1.1" 200 None
2021-03-23 19:29:27,660 urllib3.connectionpool DEBUG    https://services.sentinel-hub.com:443 "POST /api/v1/process HTTP/1.1" 200 None
2021-03-23 19:29:28,755 sentinelhub.download.sentinelhub_client DEBUG    ThreadPoolExecutor-1043_3: Successful download from https://services.sentinel-hub.com/api/v1/process
2021-03-23 19:29:29,159 sentinelhub.download.sentinelhub_client DEBUG    ThreadPoolExecutor-1043_2: Successful download from https://services.sentinel-hub.com/api/v1/process
2021-03-23 19:29:31,519 sentinelhub.download.sentinelhub_client DEBUG    ThreadPoolExecutor-1043_1: Successful download from https://services.sentinel-hub.com/api/v1/process
2021-03-23 19:29:31,536 eolearn.io.processing_api DEBUG    Downloads complete
2021-03-23 19:29:31,578 eolearn.core.eoworkflow DEBUG    Computing AddValidDataMaskTask(*(EOPatch(
  data: {
    BANDS: numpy.ndarray(shape=(4, 306, 357, 3), dtype=float32)
  }
  mask: {
    CLM: numpy.ndarray(shape=(4, 306, 357, 1), dtype=uint8)
    IS_DATA: numpy.ndarray(shape=(4, 306, 357, 1), dtype=bool)
  }
  scalar: {}
  label: {}
  vector: {}
  data_timeless: {}
  mask_timeless: {}
  scalar_timeless: {}
  label_timeless: {}
  vector_timeless: {}
  meta_info: {
    maxcc: 0.8
    service_type: 'processing'
    size_x: 357
    size_y: 306
    time_difference: datetime.timedelta(seconds=7200)
    time_interval: ('2019-05-12T00:00:00', '2019-05-18T23:59:59')
  }
  bbox: BBox(((843952.2597114183, 7009891.854462869), (915284.5415499813, 7071009.689093189)), crs=CRS('32617'))
  timestamp: [datetime.datetime(2019, 5, 13, 16, 35, 54), ..., datetime.datetime(2019, 5, 18, 16, 35, 49)], length=4
),), **{})
2021-03-23 19:29:31,579 eolearn.core.eoworkflow DEBUG    Removing intermediate result for AddValidDataMaskTask
2021-03-23 19:29:31,580 eolearn.core.eoworkflow DEBUG    Computing AddValidDataCoverage(*(EOPatch(
  data: {
    BANDS: numpy.ndarray(shape=(4, 306, 357, 3), dtype=float32)
  }
  mask: {
    CLM: numpy.ndarray(shape=(4, 306, 357, 1), dtype=uint8)
    IS_DATA: numpy.ndarray(shape=(4, 306, 357, 1), dtype=bool)
    VALID_DATA: numpy.ndarray(shape=(4, 306, 357, 1), dtype=bool)
  }
  scalar: {}
  label: {}
  vector: {}
  data_timeless: {}
  mask_timeless: {}
  scalar_timeless: {}
  label_timeless: {}
  vector_timeless: {}
  meta_info: {
    maxcc: 0.8
    service_type: 'processing'
    size_x: 357
    size_y: 306
    time_difference: datetime.timedelta(seconds=7200)
    time_interval: ('2019-05-12T00:00:00', '2019-05-18T23:59:59')
  }
  bbox: BBox(((843952.2597114183, 7009891.854462869), (915284.5415499813, 7071009.689093189)), crs=CRS('32617'))
  timestamp: [datetime.datetime(2019, 5, 13, 16, 35, 54), ..., datetime.datetime(2019, 5, 18, 16, 35, 49)], length=4
),), **{})
2021-03-23 19:29:31,580 eolearn.core.eoworkflow DEBUG    Removing intermediate result for AddValidDataCoverage
2021-03-23 19:29:31,581 eolearn.core.eoworkflow DEBUG    Computing SimpleFilterTask(*(EOPatch(
  data: {
    BANDS: numpy.ndarray(shape=(4, 306, 357, 3), dtype=float32)
  }
  mask: {
    CLM: numpy.ndarray(shape=(4, 306, 357, 1), dtype=uint8)
    IS_DATA: numpy.ndarray(shape=(4, 306, 357, 1), dtype=bool)
    VALID_DATA: numpy.ndarray(shape=(4, 306, 357, 1), dtype=bool)
  }
  scalar: {
    COVERAGE: numpy.ndarray(shape=(4, 1), dtype=float64)
  }
  label: {}
  vector: {}
  data_timeless: {}
  mask_timeless: {}
  scalar_timeless: {}
  label_timeless: {}
  vector_timeless: {}
  meta_info: {
    maxcc: 0.8
    service_type: 'processing'
    size_x: 357
    size_y: 306
    time_difference: datetime.timedelta(seconds=7200)
    time_interval: ('2019-05-12T00:00:00', '2019-05-18T23:59:59')
  }
  bbox: BBox(((843952.2597114183, 7009891.854462869), (915284.5415499813, 7071009.689093189)), crs=CRS('32617'))
  timestamp: [datetime.datetime(2019, 5, 13, 16, 35, 54), ..., datetime.datetime(2019, 5, 18, 16, 35, 49)], length=4
),), **{})
2021-03-23 19:29:31,583 root         DEBUG    EOWorkflow execution failed
