2021-03-23 19:29:11,222 eolearn.core.eoworkflow DEBUG    Computing SentinelHubInputTask(*(), **{'bbox': BBox(((915284.5415499813, 7071009.689093189), (986616.8233885444, 7132127.523723509)), crs=CRS('32617')), 'time_interval': ['2019-05-12', '2019-5-18']})
2021-03-23 19:29:11,236 sentinelhub.ogc DEBUG    URL=https://services.sentinel-hub.com/ogc/wfs/8b62defc-8bf6-4075-9eaf-6e24383df20e?SERVICE=wfs&WARNINGS=False&REQUEST=GetFeature&TYPENAMES=DSS1&BBOX=915284.5415499813%2C7071009.689093189%2C986616.8233885444%2C7132127.523723509&OUTPUTFORMAT=application%2Fjson&SRSNAME=EPSG%3A32617&TIME=2019-05-12T00%3A00%3A00%2F2019-05-18T23%3A59%3A59&MAXCC=80.0&MAXFEATURES=100&FEATURE_OFFSET=0
2021-03-23 19:29:11,256 urllib3.connectionpool DEBUG    Starting new HTTPS connection (1): services.sentinel-hub.com:443
2021-03-23 19:29:12,007 urllib3.connectionpool DEBUG    https://services.sentinel-hub.com:443 "GET /ogc/wfs/8b62defc-8bf6-4075-9eaf-6e24383df20e?SERVICE=wfs&WARNINGS=False&REQUEST=GetFeature&TYPENAMES=DSS1&BBOX=915284.5415499813%2C7071009.689093189%2C986616.8233885444%2C7132127.523723509&OUTPUTFORMAT=application%2Fjson&SRSNAME=EPSG%3A32617&TIME=2019-05-12T00%3A00%3A00%2F2019-05-18T23%3A59%3A59&MAXCC=80.0&MAXFEATURES=100&FEATURE_OFFSET=0 HTTP/1.1" 200 None
2021-03-23 19:29:12,152 sentinelhub.download.sentinelhub_client DEBUG    ThreadPoolExecutor-1020_0: Successful download from https://services.sentinel-hub.com/ogc/wfs/8b62defc-8bf6-4075-9eaf-6e24383df20e?SERVICE=wfs&WARNINGS=False&REQUEST=GetFeature&TYPENAMES=DSS1&BBOX=915284.5415499813%2C7071009.689093189%2C986616.8233885444%2C7132127.523723509&OUTPUTFORMAT=application%2Fjson&SRSNAME=EPSG%3A32617&TIME=2019-05-12T00%3A00%3A00%2F2019-05-18T23%3A59%3A59&MAXCC=80.0&MAXFEATURES=100&FEATURE_OFFSET=0
2021-03-23 19:29:12,152 eolearn.io.processing_api DEBUG    Downloading 3 requests of type DataCollection.SENTINEL2_L1C
2021-03-23 19:29:12,161 sentinelhub.download.sentinelhub_client DEBUG    ThreadPoolExecutor-1021_1: Sleeping for 0.05
2021-03-23 19:29:12,161 sentinelhub.download.sentinelhub_client DEBUG    ThreadPoolExecutor-1021_2: Sleeping for 0.05
2021-03-23 19:29:12,161 urllib3.connectionpool DEBUG    Starting new HTTPS connection (1): services.sentinel-hub.com:443
2021-03-23 19:29:12,232 sentinelhub.download.sentinelhub_client DEBUG    ThreadPoolExecutor-1021_1: Sleeping for 0.05
2021-03-23 19:29:12,232 urllib3.connectionpool DEBUG    Starting new HTTPS connection (1): services.sentinel-hub.com:443
2021-03-23 19:29:12,291 sentinelhub.download.sentinelhub_client DEBUG    ThreadPoolExecutor-1021_1: Sleeping for 0.00
2021-03-23 19:29:12,312 urllib3.connectionpool DEBUG    Starting new HTTPS connection (1): services.sentinel-hub.com:443
2021-03-23 19:29:13,512 urllib3.connectionpool DEBUG    https://services.sentinel-hub.com:443 "POST /api/v1/process HTTP/1.1" 200 None
2021-03-23 19:29:13,552 urllib3.connectionpool DEBUG    https://services.sentinel-hub.com:443 "POST /api/v1/process HTTP/1.1" 200 7168
2021-03-23 19:29:13,552 sentinelhub.download.sentinelhub_client DEBUG    ThreadPoolExecutor-1021_2: Successful download from https://services.sentinel-hub.com/api/v1/process
2021-03-23 19:29:14,472 urllib3.connectionpool DEBUG    https://services.sentinel-hub.com:443 "POST /api/v1/process HTTP/1.1" 200 None
2021-03-23 19:29:17,492 sentinelhub.download.sentinelhub_client DEBUG    ThreadPoolExecutor-1021_0: Successful download from https://services.sentinel-hub.com/api/v1/process
2021-03-23 19:29:18,205 sentinelhub.download.sentinelhub_client DEBUG    ThreadPoolExecutor-1021_1: Successful download from https://services.sentinel-hub.com/api/v1/process
2021-03-23 19:29:18,220 eolearn.io.processing_api DEBUG    Downloads complete
2021-03-23 19:29:18,255 eolearn.core.eoworkflow DEBUG    Computing AddValidDataMaskTask(*(EOPatch(
  data: {
    BANDS: numpy.ndarray(shape=(3, 306, 357, 3), dtype=float32)
  }
  mask: {
    CLM: numpy.ndarray(shape=(3, 306, 357, 1), dtype=uint8)
    IS_DATA: numpy.ndarray(shape=(3, 306, 357, 1), dtype=bool)
  }
  scalar: {}
  label: {}
  vector: {}
  data_timeless: {}
  mask_timeless: {}
  scalar_timeless: {}
  label_timeless: {}
  vector_timeless: {}
  meta_info: {
    maxcc: 0.8
    service_type: 'processing'
    size_x: 357
    size_y: 306
    time_difference: datetime.timedelta(seconds=7200)
    time_interval: ('2019-05-12T00:00:00', '2019-05-18T23:59:59')
  }
  bbox: BBox(((915284.5415499813, 7071009.689093189), (986616.8233885444, 7132127.523723509)), crs=CRS('32617'))
  timestamp: [datetime.datetime(2019, 5, 15, 16, 25, 19), ..., datetime.datetime(2019, 5, 18, 16, 35, 28)], length=3
),), **{})
2021-03-23 19:29:18,258 eolearn.core.eoworkflow DEBUG    Removing intermediate result for AddValidDataMaskTask
2021-03-23 19:29:18,258 eolearn.core.eoworkflow DEBUG    Computing AddValidDataCoverage(*(EOPatch(
  data: {
    BANDS: numpy.ndarray(shape=(3, 306, 357, 3), dtype=float32)
  }
  mask: {
    CLM: numpy.ndarray(shape=(3, 306, 357, 1), dtype=uint8)
    IS_DATA: numpy.ndarray(shape=(3, 306, 357, 1), dtype=bool)
    VALID_DATA: numpy.ndarray(shape=(3, 306, 357, 1), dtype=bool)
  }
  scalar: {}
  label: {}
  vector: {}
  data_timeless: {}
  mask_timeless: {}
  scalar_timeless: {}
  label_timeless: {}
  vector_timeless: {}
  meta_info: {
    maxcc: 0.8
    service_type: 'processing'
    size_x: 357
    size_y: 306
    time_difference: datetime.timedelta(seconds=7200)
    time_interval: ('2019-05-12T00:00:00', '2019-05-18T23:59:59')
  }
  bbox: BBox(((915284.5415499813, 7071009.689093189), (986616.8233885444, 7132127.523723509)), crs=CRS('32617'))
  timestamp: [datetime.datetime(2019, 5, 15, 16, 25, 19), ..., datetime.datetime(2019, 5, 18, 16, 35, 28)], length=3
),), **{})
2021-03-23 19:29:18,258 eolearn.core.eoworkflow DEBUG    Removing intermediate result for AddValidDataCoverage
2021-03-23 19:29:18,258 eolearn.core.eoworkflow DEBUG    Computing SimpleFilterTask(*(EOPatch(
  data: {
    BANDS: numpy.ndarray(shape=(3, 306, 357, 3), dtype=float32)
  }
  mask: {
    CLM: numpy.ndarray(shape=(3, 306, 357, 1), dtype=uint8)
    IS_DATA: numpy.ndarray(shape=(3, 306, 357, 1), dtype=bool)
    VALID_DATA: numpy.ndarray(shape=(3, 306, 357, 1), dtype=bool)
  }
  scalar: {
    COVERAGE: numpy.ndarray(shape=(3, 1), dtype=float64)
  }
  label: {}
  vector: {}
  data_timeless: {}
  mask_timeless: {}
  scalar_timeless: {}
  label_timeless: {}
  vector_timeless: {}
  meta_info: {
    maxcc: 0.8
    service_type: 'processing'
    size_x: 357
    size_y: 306
    time_difference: datetime.timedelta(seconds=7200)
    time_interval: ('2019-05-12T00:00:00', '2019-05-18T23:59:59')
  }
  bbox: BBox(((915284.5415499813, 7071009.689093189), (986616.8233885444, 7132127.523723509)), crs=CRS('32617'))
  timestamp: [datetime.datetime(2019, 5, 15, 16, 25, 19), ..., datetime.datetime(2019, 5, 18, 16, 35, 28)], length=3
),), **{})
2021-03-23 19:29:18,258 root         DEBUG    EOWorkflow execution failed
